<?xml version="1.0" encoding="UTF-8"?>
<!-- Generated by org.testng.reporters.JUnitXMLReporter -->
<testsuite ignored="22" hostname="users-MacBook-Pro.local" failures="1" tests="1" name="Default test" time="344.718" errors="0" timestamp="2024-09-23T22:47:54 IST">
  <testcase classname="Page_Test.Home_Page_Test" name="TC019_Home_page_verify" time="259.155">
    <failure type="java.lang.NullPointerException" message="Cannot invoke &amp;quot;com.utility.listner.getcapcture(String)&amp;quot; because &amp;quot;com.utility.Base_Utility.lis&amp;quot; is null">
      <![CDATA[java.lang.NullPointerException: Cannot invoke "com.utility.listner.getcapcture(String)" because "com.utility.Base_Utility.lis" is null
at com.utility.Base_Utility.VerifyElementPresent(Base_Utility.java:436)
at Page_Test.Home_Page_Test.TC019_Home_page_verify(Home_Page_Test.java:31)
at java.base/jdk.internal.reflect.DirectMethodHandleAccessor.invoke(DirectMethodHandleAccessor.java:103)
at java.base/java.lang.reflect.Method.invoke(Method.java:580)
at org.testng.internal.invokers.MethodInvocationHelper.invokeMethod(MethodInvocationHelper.java:139)
at org.testng.internal.invokers.TestInvoker.invokeMethod(TestInvoker.java:677)
at org.testng.internal.invokers.TestInvoker.invokeTestMethod(TestInvoker.java:221)
at org.testng.internal.invokers.MethodRunner.runInSequence(MethodRunner.java:50)
at org.testng.internal.invokers.TestInvoker$MethodInvocationAgent.invoke(TestInvoker.java:969)
at org.testng.internal.invokers.TestInvoker.invokeTestMethods(TestInvoker.java:194)
at org.testng.internal.invokers.TestMethodWorker.invokeTestMethods(TestMethodWorker.java:148)
at org.testng.internal.invokers.TestMethodWorker.run(TestMethodWorker.java:128)
at java.base/java.util.ArrayList.forEach(ArrayList.java:1597)
at org.testng.TestRunner.privateRun(TestRunner.java:829)
at org.testng.TestRunner.run(TestRunner.java:602)
at org.testng.SuiteRunner.runTest(SuiteRunner.java:437)
at org.testng.SuiteRunner.runSequentially(SuiteRunner.java:431)
at org.testng.SuiteRunner.privateRun(SuiteRunner.java:391)
at org.testng.SuiteRunner.run(SuiteRunner.java:330)
at org.testng.SuiteRunnerWorker.runSuite(SuiteRunnerWorker.java:52)
at org.testng.SuiteRunnerWorker.run(SuiteRunnerWorker.java:95)
at org.testng.TestNG.runSuitesSequentially(TestNG.java:1256)
at org.testng.TestNG.runSuitesLocally(TestNG.java:1176)
at org.testng.TestNG.runSuites(TestNG.java:1099)
at org.testng.TestNG.run(TestNG.java:1067)
at org.testng.remote.AbstractRemoteTestNG.run(AbstractRemoteTestNG.java:115)
at org.testng.remote.RemoteTestNG.initAndRun(RemoteTestNG.java:293)
at org.testng.remote.RemoteTestNG.main(RemoteTestNG.java:91)
]]>
    </failure>
  </testcase> <!-- TC019_Home_page_verify -->
  <testcase classname="Page_Test.Home_Page_Test" name="TC020_verify_SOS" time="0.0">
    <ignored/>
  </testcase> <!-- TC020_verify_SOS -->
  <testcase classname="Page_Test.Home_Page_Test" name="TC030_Verify_Relationship_Manager" time="0.0">
    <ignored/>
  </testcase> <!-- TC030_Verify_Relationship_Manager -->
  <testcase classname="Page_Test.Home_Page_Test" name="TC022_verify_Exchange" time="0.0">
    <ignored/>
  </testcase> <!-- TC022_verify_Exchange -->
  <testcase classname="Page_Test.Home_Page_Test" name="TC041_verify_Benifits_Vehicle_Exchange" time="0.0">
    <ignored/>
  </testcase> <!-- TC041_verify_Benifits_Vehicle_Exchange -->
  <testcase classname="Page_Test.Home_Page_Test" name="TC023_verify_Vehicle_details" time="0.0">
    <ignored/>
  </testcase> <!-- TC023_verify_Vehicle_details -->
  <testcase classname="Page_Test.Home_Page_Test" name="TC024_verify_Vehicle_condition" time="0.0">
    <ignored/>
  </testcase> <!-- TC024_verify_Vehicle_condition -->
  <testcase classname="Page_Test.Home_Page_Test" name="TC028_Verify_PUC_Documents" time="0.0">
    <ignored/>
  </testcase> <!-- TC028_Verify_PUC_Documents -->
  <testcase classname="Page_Test.Home_Page_Test" name="TC035_Verify_Dealer_Locator" time="0.0">
    <ignored/>
  </testcase> <!-- TC035_Verify_Dealer_Locator -->
  <testcase classname="Page_Test.Home_Page_Test" name="TC036_Select_city" time="0.0">
    <ignored/>
  </testcase> <!-- TC036_Select_city -->
  <testcase classname="Page_Test.Home_Page_Test" name="TC039_verify_Active_Booking_at_home_page" time="0.0">
    <ignored/>
  </testcase> <!-- TC039_verify_Active_Booking_at_home_page -->
  <testcase classname="Page_Test.Home_Page_Test" name="TC027_Verify_Insurance_Documents" time="0.0">
    <ignored/>
  </testcase> <!-- TC027_Verify_Insurance_Documents -->
  <testcase classname="Page_Test.Home_Page_Test" name="TC037_View_dealer_name_and_address" time="0.0">
    <ignored/>
  </testcase> <!-- TC037_View_dealer_name_and_address -->
  <testcase classname="Page_Test.Home_Page_Test" name="TC034_Verify_Technical_Support_Manager" time="0.0">
    <ignored/>
  </testcase> <!-- TC034_Verify_Technical_Support_Manager -->
  <testcase classname="Page_Test.Home_Page_Test" name="TC021_verify_Navigate" time="0.0">
    <ignored/>
  </testcase> <!-- TC021_verify_Navigate -->
  <testcase classname="Page_Test.Home_Page_Test" name="TC031_Verify_RSA" time="0.0">
    <ignored/>
  </testcase> <!-- TC031_Verify_RSA -->
  <testcase classname="Page_Test.Home_Page_Test" name="TC029_Verify_Challans_Documents" time="0.0">
    <ignored/>
  </testcase> <!-- TC029_Verify_Challans_Documents -->
  <testcase classname="Page_Test.Home_Page_Test" name="TC025_verify_Vehicle_valution" time="0.0">
    <ignored/>
  </testcase> <!-- TC025_verify_Vehicle_valution -->
  <testcase classname="Page_Test.Home_Page_Test" name="TC033_frequently_asked_questions" time="0.0">
    <ignored/>
  </testcase> <!-- TC033_frequently_asked_questions -->
  <testcase classname="Page_Test.Home_Page_Test" name="TC038_verify_Service_at_home_page" time="0.0">
    <ignored/>
  </testcase> <!-- TC038_verify_Service_at_home_page -->
  <testcase classname="Page_Test.Home_Page_Test" name="TC040_verify_EShop" time="0.0">
    <ignored/>
  </testcase> <!-- TC040_verify_EShop -->
  <testcase classname="Page_Test.Home_Page_Test" name="TC032_Renew_RSA" time="0.0">
    <ignored/>
  </testcase> <!-- TC032_Renew_RSA -->
  <testcase classname="Page_Test.Home_Page_Test" name="TC026_Verify_RC_Documents" time="0.0">
    <ignored/>
  </testcase> <!-- TC026_Verify_RC_Documents -->
</testsuite> <!-- Default test -->
