<?xml version="1.0" encoding="UTF-8"?>
<!-- Generated by org.testng.reporters.JUnitXMLReporter -->
<testsuite ignored="10" hostname="users-MacBook-Pro.local" failures="2" tests="121" name="All test class" time="4002.145" errors="0" timestamp="2024-08-12T10:20:06 IST">
  <testcase classname="Page_Test.Login_Page_Test" name="TC001_Verify_Login_with_Invalid_credential" time="24.481">
    <failure type="org.openqa.selenium.NoSuchElementException" message="An element could not be located on the page using the given search parameters.
For documentation on this error, please visit: https://selenium.dev/exceptions/#no_such_element
Build info: version: &amp;apos;4.8.1&amp;apos;, revision: &amp;apos;8ebccac989&amp;apos;
System info: os.name: &amp;apos;Mac OS X&amp;apos;, os.arch: &amp;apos;x86_64&amp;apos;, os.version: &amp;apos;14.6.1&amp;apos;, java.version: &amp;apos;22.0.1&amp;apos;
Driver info: io.appium.java_client.android.AndroidDriver
Command: [f69bd150-f1c2-4d84-93b8-7ae0ecb9e13b, findElement {using=xpath, value=//android.widget.Button[@resource-id =&amp;apos;com.android.permissioncontroller:id/permission_allow_button&amp;apos;]}]
Capabilities {appium:app: /opt/raid-data/data/userV2/..., appium:appActivity: com.customerapp.hero.views...., appium:appPackage: com.customerapp.hero, appium:automationName: uiautomator2, appium:chromedriverPort: 30122, appium:databaseEnabled: false, appium:desired: {app: /opt/raid-data/data/userV2/..., appActivity: com.customerapp.hero.views...., appPackage: com.customerapp.hero, automationName: uiautomator2, chromedriverPort: 30122, deviceName: 417, launchTimeout: 90000, newCommandTimeout: 600, pcloudy:options: {appiumVersion: 2.0.0, pCloudy_ApiKey: 2gdc5pv55mh54mqtwmvj4xbr, pCloudy_ApplicationName: One_App_Prod_9_2_2.apk, pCloudy_DeviceManufacturer: SAMSUNG, pCloudy_DeviceVersion: 12.0.0, pCloudy_DurationInMinutes: 120, pCloudy_EnableDeviceLogs: true, pCloudy_EnablePerformanceData: true, pCloudy_EnableVideo: true, pCloudy_Username: randhir.kumar@heromotocorp.com, pCloudy_WildNet: false}, platformName: android, platformVersion: 12.0.0, systemPort: 30124, udid: RZCR403KPXN}, appium:deviceApiLevel: 31, appium:deviceManufacturer: samsung, appium:deviceModel: SM-M426B, appium:deviceName: RZCR403KPXN, appium:deviceScreenDensity: 300, appium:deviceScreenSize: 720x1600, appium:deviceUDID: RZCR403KPXN, appium:javascriptEnabled: true, appium:launchTimeout: 90000, appium:locationContextEnabled: false, appium:networkConnectionEnabled: true, appium:newCommandTimeout: 600, appium:pixelRatio: 1.875, appium:platformVersion: 12, appium:statBarHeight: 52, appium:systemPort: 30124, appium:takesScreenshot: true, appium:udid: RZCR403KPXN, appium:viewportRect: {height: 1406, left: 0, top: 52, width: 720}, appium:warnings: {}, appium:webStorageEnabled: false, pcloudy:options: {appiumVersion: 2.0.0, pCloudy_ApiKey: 2gdc5pv55mh54mqtwmvj4xbr, pCloudy_ApplicationName: One_App_Prod_9_2_2.apk, pCloudy_DeviceManufacturer: SAMSUNG, pCloudy_DeviceVersion: 12.0.0, pCloudy_DurationInMinutes: 120, pCloudy_EnableDeviceLogs: true, pCloudy_EnablePerformanceData: true, pCloudy_EnableVideo: true, pCloudy_Username: randhir.kumar@heromotocorp.com, pCloudy_WildNet: false}, platformName: ANDROID}
Session ID: f69bd150-f1c2-4d84-93b8-7ae0ecb9e13b">
      <![CDATA[org.openqa.selenium.NoSuchElementException: An element could not be located on the page using the given search parameters.
For documentation on this error, please visit: https://selenium.dev/exceptions/#no_such_element
Build info: version: '4.8.1', revision: '8ebccac989'
System info: os.name: 'Mac OS X', os.arch: 'x86_64', os.version: '14.6.1', java.version: '22.0.1'
Driver info: io.appium.java_client.android.AndroidDriver
Command: [f69bd150-f1c2-4d84-93b8-7ae0ecb9e13b, findElement {using=xpath, value=//android.widget.Button[@resource-id ='com.android.permissioncontroller:id/permission_allow_button']}]
Capabilities {appium:app: /opt/raid-data/data/userV2/..., appium:appActivity: com.customerapp.hero.views...., appium:appPackage: com.customerapp.hero, appium:automationName: uiautomator2, appium:chromedriverPort: 30122, appium:databaseEnabled: false, appium:desired: {app: /opt/raid-data/data/userV2/..., appActivity: com.customerapp.hero.views...., appPackage: com.customerapp.hero, automationName: uiautomator2, chromedriverPort: 30122, deviceName: 417, launchTimeout: 90000, newCommandTimeout: 600, pcloudy:options: {appiumVersion: 2.0.0, pCloudy_ApiKey: 2gdc5pv55mh54mqtwmvj4xbr, pCloudy_ApplicationName: One_App_Prod_9_2_2.apk, pCloudy_DeviceManufacturer: SAMSUNG, pCloudy_DeviceVersion: 12.0.0, pCloudy_DurationInMinutes: 120, pCloudy_EnableDeviceLogs: true, pCloudy_EnablePerformanceData: true, pCloudy_EnableVideo: true, pCloudy_Username: randhir.kumar@heromotocorp.com, pCloudy_WildNet: false}, platformName: android, platformVersion: 12.0.0, systemPort: 30124, udid: RZCR403KPXN}, appium:deviceApiLevel: 31, appium:deviceManufacturer: samsung, appium:deviceModel: SM-M426B, appium:deviceName: RZCR403KPXN, appium:deviceScreenDensity: 300, appium:deviceScreenSize: 720x1600, appium:deviceUDID: RZCR403KPXN, appium:javascriptEnabled: true, appium:launchTimeout: 90000, appium:locationContextEnabled: false, appium:networkConnectionEnabled: true, appium:newCommandTimeout: 600, appium:pixelRatio: 1.875, appium:platformVersion: 12, appium:statBarHeight: 52, appium:systemPort: 30124, appium:takesScreenshot: true, appium:udid: RZCR403KPXN, appium:viewportRect: {height: 1406, left: 0, top: 52, width: 720}, appium:warnings: {}, appium:webStorageEnabled: false, pcloudy:options: {appiumVersion: 2.0.0, pCloudy_ApiKey: 2gdc5pv55mh54mqtwmvj4xbr, pCloudy_ApplicationName: One_App_Prod_9_2_2.apk, pCloudy_DeviceManufacturer: SAMSUNG, pCloudy_DeviceVersion: 12.0.0, pCloudy_DurationInMinutes: 120, pCloudy_EnableDeviceLogs: true, pCloudy_EnablePerformanceData: true, pCloudy_EnableVideo: true, pCloudy_Username: randhir.kumar@heromotocorp.com, pCloudy_WildNet: false}, platformName: ANDROID}
Session ID: f69bd150-f1c2-4d84-93b8-7ae0ecb9e13b
at org.openqa.selenium.remote.codec.w3c.W3CHttpResponseCodec.createException(W3CHttpResponseCodec.java:200)
at org.openqa.selenium.remote.codec.w3c.W3CHttpResponseCodec.decode(W3CHttpResponseCodec.java:133)
at org.openqa.selenium.remote.codec.w3c.W3CHttpResponseCodec.decode(W3CHttpResponseCodec.java:53)
at org.openqa.selenium.remote.HttpCommandExecutor.execute(HttpCommandExecutor.java:184)
at io.appium.java_client.remote.AppiumCommandExecutor.execute(AppiumCommandExecutor.java:262)
at org.openqa.selenium.remote.RemoteWebDriver.execute(RemoteWebDriver.java:543)
at org.openqa.selenium.remote.ElementLocation$ElementFinder$2.findElement(ElementLocation.java:162)
at org.openqa.selenium.remote.ElementLocation.findElement(ElementLocation.java:60)
at org.openqa.selenium.remote.RemoteWebDriver.findElement(RemoteWebDriver.java:352)
at org.openqa.selenium.remote.RemoteWebDriver.findElement(RemoteWebDriver.java:344)
at org.openqa.selenium.support.pagefactory.DefaultElementLocator.findElement(DefaultElementLocator.java:70)
at org.openqa.selenium.support.pagefactory.internal.LocatingElementHandler.invoke(LocatingElementHandler.java:39)
at jdk.proxy2/jdk.proxy2.$Proxy32.getText(Unknown Source)
at Page_Test.Login_Page_Test.TC001_Verify_Login_with_Invalid_credential(Login_Page_Test.java:40)
at java.base/java.util.ArrayList.forEach(ArrayList.java:1597)
... Removed 28 stack frames]]>
    </failure>
  </testcase> <!-- TC001_Verify_Login_with_Invalid_credential -->
  <testcase classname="Page_Test.Login_Page_Test" name="TC002_invalidmobileno" time="9.786"/>
  <testcase classname="Page_Test.Login_Page_Test" name="TC003_verify_update_number" time="16.189"/>
  <testcase classname="Page_Test.Login_Page_Test" name="TC004_Verify_Login_with_short_length_of_mobile_number_credential" time="5.713"/>
  <testcase classname="Page_Test.Login_Page_Test" name="TC005_max_digit_mobile_number" time="5.234"/>
  <testcase classname="Page_Test.Login_Page_Test" name="TC006_Terms_of_use_button" time="14.223"/>
  <testcase classname="Page_Test.Login_Page_Test" name="TC007_Privacy_policy" time="29.555"/>
  <testcase classname="Page_Test.Login_Page_Test" name="TC008_contact_Us" time="6.457"/>
  <testcase classname="Page_Test.Login_Page_Test" name="TC009_Continue_as_guest" time="36.494"/>
  <testcase classname="Page_Test.Login_Page_Test" name="TC010_Verify_Login_with_valid_credential" time="37.128"/>
  <testcase classname="Page_Test.Login_Page_Test" name="TC011_resend_butn" time="20.089"/>
  <testcase classname="Page_Test.Login_Page_Test" name="TC012_inavalid_OTP" time="19.402"/>
  <testcase classname="Page_Test.Login_Page_Test" name="TC013_edit_moble" time="40.405"/>
  <testcase classname="Page_Test.Select_Vehicle_Page_Test" name="TC014_verify_Nick_Name" time="15.584"/>
  <testcase classname="Page_Test.Select_Vehicle_Page_Test" name="TC015_Verify_With_30_letter_nick_name" time="11.165"/>
  <testcase classname="Page_Test.Select_Vehicle_Page_Test" name="TC016_Verify_With_31_letter_nick_name" time="10.21"/>
  <testcase classname="Page_Test.Select_Vehicle_Page_Test" name="TC017_Verify_With_29_letter_nick_name" time="11.728"/>
  <testcase classname="Page_Test.Select_Vehicle_Page_Test" name="TC018_Select_Vehicle" time="58.066"/>
  <testcase classname="Page_Test.Home_Page_Test" name="TC019_Home_page_verify" time="36.765"/>
  <testcase classname="Page_Test.Home_Page_Test" name="TC020_verify_SOS" time="19.208"/>
  <testcase classname="Page_Test.Home_Page_Test" name="TC021_verify_Navigate" time="28.809"/>
  <testcase classname="Page_Test.Home_Page_Test" name="TC022_verify_Exchange" time="50.404"/>
  <testcase classname="Page_Test.Home_Page_Test" name="TC023_verify_Vehicle_details" time="14.791"/>
  <testcase classname="Page_Test.Home_Page_Test" name="TC024_verify_Vehicle_condition" time="49.822"/>
  <testcase classname="Page_Test.Home_Page_Test" name="TC025_verify_Vehicle_valution" time="62.984"/>
  <testcase classname="Page_Test.Home_Page_Test" name="TC026_Verify_RC_Documents" time="37.899"/>
  <testcase classname="Page_Test.Home_Page_Test" name="TC027_Verify_Insurance_Documents" time="27.593"/>
  <testcase classname="Page_Test.Home_Page_Test" name="TC028_Verify_PUC_Documents" time="23.525"/>
  <testcase classname="Page_Test.Home_Page_Test" name="TC029_Verify_Challans_Documents" time="5.843"/>
  <testcase classname="Page_Test.Home_Page_Test" name="TC030_Verify_Relationship_Manager" time="32.406"/>
  <testcase classname="Page_Test.Home_Page_Test" name="TC031_Verify_RSA" time="12.653"/>
  <testcase classname="Page_Test.Home_Page_Test" name="TC032_Renew_RSA" time="13.843"/>
  <testcase classname="Page_Test.Home_Page_Test" name="TC033_frequently_asked_questions" time="39.544"/>
  <testcase classname="Page_Test.Home_Page_Test" name="TC034_Verify_Technical_Support_Manager" time="25.364"/>
  <testcase classname="Page_Test.Home_Page_Test" name="TC035_Verify_Dealer_Locator" time="3.988"/>
  <testcase classname="Page_Test.Home_Page_Test" name="TC036_Select_city" time="2.954"/>
  <testcase classname="Page_Test.Home_Page_Test" name="TC037_View_dealer_name_and_address" time="20.076"/>
  <testcase classname="Page_Test.Home_Page_Test" name="TC038_verify_Service_at_home_page" time="49.026"/>
  <testcase classname="Page_Test.Home_Page_Test" name="TC039_verify_Active_Booking_at_home_page" time="17.728"/>
  <testcase classname="Page_Test.Home_Page_Test" name="TC040_verify_EShop" time="18.449"/>
  <testcase classname="Page_Test.Home_Page_Test" name="TC041_verify_Benifits_Vehicle_Exchange" time="12.292"/>
  <testcase classname="Page_Test.My_Profile_Page_Test" name="TC042_Verify_My_Profile" time="19.5"/>
  <testcase classname="Page_Test.My_Profile_Page_Test" name="TC043_Degilocker_info_and_my_Vehicles_info" time="9.717"/>
  <testcase classname="Page_Test.My_Profile_Page_Test" name="TC044_edit_profile_button" time="59.637"/>
  <testcase classname="Page_Test.My_Profile_Page_Test" name="TC045_edit_Personal_Details" time="80.461"/>
  <testcase classname="Page_Test.My_Profile_Page_Test" name="TC046_change_original_Personal_Details" time="21.83"/>
  <testcase classname="Page_Test.My_Profile_Page_Test" name="TC047_Manage_License" time="7.015"/>
  <testcase classname="Page_Test.My_Profile_Page_Test" name="TC048_Verify_emergency_contacts" time="40.73"/>
  <testcase classname="Page_Test.Vehicle_Details_test" name="TC049_Verify_My_Vehicle" time="19.082"/>
  <testcase classname="Page_Test.Vehicle_Details_test" name="TC050_Verify_My_Vehicle_Documents" time="23.585"/>
  <testcase classname="Page_Test.Vehicle_Details_test" name="TC051_Verify_My_Vehicle_Subscriptions_details" time="30.835"/>
  <testcase classname="Page_Test.Vehicle_Details_test" name="TC052_Verify_Owners_Manual" time="39.106"/>
  <testcase classname="Page_Test.Vehicle_Details_test" name="TC053_Verify_Tips_and_DIY_videos_inside_sideMenu" time="15.391"/>
  <testcase classname="Page_Test.Refer_a_friend_and_Contact_us_test" name="TC054_Refer_a_friend" time="20.571"/>
  <testcase classname="Page_Test.Refer_a_friend_and_Contact_us_test" name="TC055_Verify_Select_State" time="16.064"/>
  <testcase classname="Page_Test.Refer_a_friend_and_Contact_us_test" name="TC056_Verify_Select_City" time="5.713"/>
  <testcase classname="Page_Test.Refer_a_friend_and_Contact_us_test" name="TC057_Verify_Select_Model" time="25.424"/>
  <testcase classname="Page_Test.Refer_a_friend_and_Contact_us_test" name="TC058_Verify_Refer_yourself" time="53.171"/>
  <testcase classname="Page_Test.Refer_a_friend_and_Contact_us_test" name="TC059_Verify_Facebook_in_Contact_us_page" time="27.479"/>
  <testcase classname="Page_Test.Refer_a_friend_and_Contact_us_test" name="TC060_Verify_instagram_in_Contact_us_page" time="22.135"/>
  <testcase classname="Page_Test.Refer_a_friend_and_Contact_us_test" name="TC061_Verify_Whatsapp_in_Contact_us_page" time="1.406"/>
  <testcase classname="Page_Test.Refer_a_friend_and_Contact_us_test" name="TC062_Verify_youTube_in_Contact_us_page" time="8.336"/>
  <testcase classname="Page_Test.Refer_a_friend_and_Contact_us_test" name="TC063_Verify_Linkedin_in_Contact_us_page" time="23.603"/>
  <testcase classname="Page_Test.Refer_a_friend_and_Contact_us_test" name="TC064_Verify_twitter_in_Contact_us_page" time="0.941">
    <failure type="java.lang.NullPointerException" message="Cannot invoke &amp;quot;com.utility.listner.getcapcture(String)&amp;quot; because &amp;quot;Page_Test.Refer_a_friend_and_Contact_us_test.lis&amp;quot; is null">
      <![CDATA[java.lang.NullPointerException: Cannot invoke "com.utility.listner.getcapcture(String)" because "Page_Test.Refer_a_friend_and_Contact_us_test.lis" is null
at Page_Test.Refer_a_friend_and_Contact_us_test.TC064_Verify_twitter_in_Contact_us_page(Refer_a_friend_and_Contact_us_test.java:167)
at java.base/java.util.ArrayList.forEach(ArrayList.java:1597)
... Removed 25 stack frames]]>
    </failure>
  </testcase> <!-- TC064_Verify_twitter_in_Contact_us_page -->
  <testcase classname="Page_Test.Refer_a_friend_and_Contact_us_test" name="TC065_Verify_Contact_via_Email" time="11.926"/>
  <testcase classname="Page_Test.Safety_Measures_and_Symbols_Glossary_Test" name="TC066_Verify_Safety_Measures" time="21.588"/>
  <testcase classname="Page_Test.Safety_Measures_and_Symbols_Glossary_Test" name="TC067_Verify_Symbols_Glossary" time="93.827"/>
  <testcase classname="Page_Test.Feedback_and_About_Hero_test" name="TC068_Verify_App_Related_Feedback" time="26.047"/>
  <testcase classname="Page_Test.Feedback_and_About_Hero_test" name="TC069_Verify_Sales_Feedback" time="14.029"/>
  <testcase classname="Page_Test.Feedback_and_About_Hero_test" name="TC070_Verify_Service_Feedback" time="13.925"/>
  <testcase classname="Page_Test.Feedback_and_About_Hero_test" name="TC071_Verify_Parts_Feedback" time="14.131"/>
  <testcase classname="Page_Test.Feedback_and_About_Hero_test" name="TC072_Verify_Goodlife_Feedback" time="14.054"/>
  <testcase classname="Page_Test.Feedback_and_About_Hero_test" name="TC073_Verify_Suggestions_Feedback" time="17.89"/>
  <testcase classname="Page_Test.Feedback_and_About_Hero_test" name="TC074_verify_About_Hero" time="17.829"/>
  <testcase classname="Page_Test.Feedback_and_About_Hero_test" name="TC075_verify_Side_menu_page_function" time="14.187"/>
  <testcase classname="Page_Test.Feedback_and_About_Hero_test" name="TC076_Wheels_of_Trust" time="31.745"/>
  <testcase classname="Page_Test.Feedback_and_About_Hero_test" name="TC077_Verify_joyride" time="38.62"/>
  <testcase classname="Page_Test.Services_Page_Test" name="TC078_Vehicle_details_on_service_page" time="6.538"/>
  <testcase classname="Page_Test.Services_Page_Test" name="TC079_Book_Service" time="65.861"/>
  <testcase classname="Page_Test.Services_Page_Test" name="TC080_Review_Service_Details" time="16.946"/>
  <testcase classname="Page_Test.Services_Page_Test" name="TC081_Verify_Serviced_book_information" time="17.289"/>
  <testcase classname="Page_Test.Services_Page_Test" name="TC082_verify_service_type" time="5.983"/>
  <testcase classname="Page_Test.Services_Page_Test" name="TC083_verify_Dealer_information" time="6.905"/>
  <testcase classname="Page_Test.Services_Page_Test" name="TC084_verify_Reschedule_Service" time="54.625"/>
  <testcase classname="Page_Test.Services_Page_Test" name="TC085_Verify_Reschedule_service_information" time="47.455"/>
  <testcase classname="Page_Test.Services_Page_Test" name="TC086_verify_Cancel_Service" time="19.538"/>
  <testcase classname="Page_Test.Services_Page_Test" name="TC087_View_Service_schedule_750" time="71.947"/>
  <testcase classname="Page_Test.Services_Page_Test" name="TC088_View_Service_schedule_3500" time="64.559"/>
  <testcase classname="Page_Test.Services_Page_Test" name="TC089_View_Service_schedule_6500" time="62.26"/>
  <testcase classname="Page_Test.Services_Page_Test" name="TC090_View_Service_schedule_9500" time="65.464"/>
  <testcase classname="Page_Test.Services_Page_Test" name="TC091_View_Service_schedule_12500" time="66.28"/>
  <testcase classname="Page_Test.Services_Page_Test" name="TC092_View_Service_schedule_15500" time="64.294"/>
  <testcase classname="Page_Test.Services_Page_Test" name="TC093_View_Service_schedule_18500" time="58.379"/>
  <testcase classname="Page_Test.Services_Page_Test" name="TC094_View_Service_schedule_21500" time="60.471"/>
  <testcase classname="Page_Test.Services_Page_Test" name="TC095_View_Service_schedule_24500" time="58.695"/>
  <testcase classname="Page_Test.Services_Page_Test" name="TC096_View_Service_schedule_27500" time="66.305"/>
  <testcase classname="Page_Test.Services_Page_Test" name="TC097_View_Service_schedule_60_days" time="65.64"/>
  <testcase classname="Page_Test.Services_Page_Test" name="TC098_View_Service_schedule_160_days" time="62.041"/>
  <testcase classname="Page_Test.Services_Page_Test" name="TC099_View_Service_schedule_260_days" time="61.708"/>
  <testcase classname="Page_Test.Services_Page_Test" name="TC100_View_Service_schedule_360_days" time="62.166"/>
  <testcase classname="Page_Test.Services_Page_Test" name="TC101_View_Service_schedule_460_days" time="64.107"/>
  <testcase classname="Page_Test.Services_Page_Test" name="TC102_View_Service_schedule_560_days" time="62.766"/>
  <testcase classname="Page_Test.Services_Page_Test" name="TC103_View_Service_schedule_660_days" time="56.793"/>
  <testcase classname="Page_Test.Services_Page_Test" name="TC104_View_Service_schedule_760_days" time="59.331"/>
  <testcase classname="Page_Test.Services_Page_Test" name="TC105_View_Service_schedule_860_days" time="61.266"/>
  <testcase classname="Page_Test.Services_Page_Test" name="TC106_Verify_Last_Serviced" time="7.902"/>
  <testcase classname="Page_Test.Services_Page_Test" name="TC107_Verify_all_tips_list" time="125.474"/>
  <testcase classname="Page_Test.Services_Page_Test" name="TC108_Verify_all_DIY_Videos_list" time="43.112"/>
  <testcase classname="Page_Test.GoodLifePage_Test" name="TC109_Verify_goodlife_info" time="25.396"/>
  <testcase classname="Page_Test.GoodLifePage_Test" name="TC110_View_All_Membership_Plan" time="101.391"/>
  <testcase classname="Page_Test.GoodLifePage_Test" name="TC111_Become_a_Gold_Member" time="39.409"/>
  <testcase classname="Page_Test.GoodLifePage_Test" name="TC112_Verify_Membership_Information" time="13.592"/>
  <testcase classname="Page_Test.GoodLifePage_Test" name="TC113_Earning_and_Redemption_History" time="18.045"/>
  <testcase classname="Page_Test.GoodLifePage_Test" name="TC114_Complete_Profile" time="12.245"/>
  <testcase classname="Page_Test.GoodLifePage_Test" name="TC115_Verify_Welcome_Rewards" time="11.031"/>
  <testcase classname="Page_Test.GoodLifePage_Test" name="TC116_Verify_refer_friend_in_Goodlife" time="42.512"/>
  <testcase classname="Page_Test.GoodLifePage_Test" name="TC117_Verify_Winner_Of_The_Month" time="25.709"/>
  <testcase classname="Page_Test.GoodLifePage_Test" name="TC118_verify_Points_Earning_and_Redemption" time="63.533"/>
  <testcase classname="Page_Test.GoodLifePage_Test" name="TC119_verify_Service_Privilegers" time="21.347"/>
  <testcase classname="Page_Test.GoodLifePage_Test" name="TC120_verify_Benefits_and_Experiences" time="32.001"/>
  <testcase classname="Page_Test.E_Shop_test" name="TC121_registered_customers" time="23.568"/>
  <testcase classname="com.utility.Base_Utility" name="@BeforeTest OPEN_AND_INSTALL_APP" time="0.0">
    <ignored/>
  </testcase> <!-- @BeforeTest OPEN_AND_INSTALL_APP -->
  <testcase classname="com.utility.Base_Utility" name="@BeforeTest OPEN_AND_INSTALL_APP" time="0.0">
    <ignored/>
  </testcase> <!-- @BeforeTest OPEN_AND_INSTALL_APP -->
  <testcase classname="com.utility.Base_Utility" name="@BeforeTest OPEN_AND_INSTALL_APP" time="0.0">
    <ignored/>
  </testcase> <!-- @BeforeTest OPEN_AND_INSTALL_APP -->
  <testcase classname="com.utility.Base_Utility" name="@BeforeTest OPEN_AND_INSTALL_APP" time="0.0">
    <ignored/>
  </testcase> <!-- @BeforeTest OPEN_AND_INSTALL_APP -->
  <testcase classname="com.utility.Base_Utility" name="@BeforeTest OPEN_AND_INSTALL_APP" time="0.0">
    <ignored/>
  </testcase> <!-- @BeforeTest OPEN_AND_INSTALL_APP -->
  <testcase classname="com.utility.Base_Utility" name="@BeforeTest OPEN_AND_INSTALL_APP" time="0.0">
    <ignored/>
  </testcase> <!-- @BeforeTest OPEN_AND_INSTALL_APP -->
  <testcase classname="com.utility.Base_Utility" name="@BeforeTest OPEN_AND_INSTALL_APP" time="0.0">
    <ignored/>
  </testcase> <!-- @BeforeTest OPEN_AND_INSTALL_APP -->
  <testcase classname="com.utility.Base_Utility" name="@BeforeTest OPEN_AND_INSTALL_APP" time="0.0">
    <ignored/>
  </testcase> <!-- @BeforeTest OPEN_AND_INSTALL_APP -->
  <testcase classname="com.utility.Base_Utility" name="@BeforeTest OPEN_AND_INSTALL_APP" time="0.0">
    <ignored/>
  </testcase> <!-- @BeforeTest OPEN_AND_INSTALL_APP -->
  <testcase classname="com.utility.Base_Utility" name="@BeforeTest OPEN_AND_INSTALL_APP" time="0.0">
    <ignored/>
  </testcase> <!-- @BeforeTest OPEN_AND_INSTALL_APP -->
</testsuite> <!-- All test class -->
