{"uuid":"4adfe25e-5e0b-4500-b4d3-ff8b8fb17a8b","historyId":"ba9d5a52c380136a4ed6dc0533e92201","fullName":"Page_Test.Home_Page_Test.TC020_verify_SOS","labels":[{"name":"package","value":"Page_Test.Home_Page_Test"},{"name":"testClass","value":"Page_Test.Home_Page_Test"},{"name":"testMethod","value":"TC020_verify_SOS"},{"name":"parentSuite","value":"Hero_App"},{"name":"suite","value":"Home_Page_Test"},{"name":"subSuite","value":"Page_Test.Home_Page_Test"},{"name":"host","value":"users-MacBook-Pro.local"},{"name":"thread","value":"6617@users-MacBook-Pro.local.main(1)"},{"name":"framework","value":"testng"},{"name":"language","value":"java"}],"links":[],"name":"TC020_verify_SOS","status":"failed","statusDetails":{"known":false,"muted":false,"flaky":false,"message":"Test interrupted: org.openqa.selenium.StaleElementReferenceException: The previously found element \"Button (Element at index 0)\" is not present in the current view anymore. Make sure the application UI has the expected state. Original error: No matches found for Elements matching predicate 'fb_uid IN {\"26000000-0000-0000-8306-000000000000\"}' from input {(\n    Button,\n    Button,\n    Button,\n    Button,\n    Button, Disabled\n)}\nFor documentation on this error, please visit: https://selenium.dev/exceptions/#stale_element_reference\nBuild info: version: '4.8.1', revision: '8ebccac989'\nSystem info: os.name: 'Mac OS X', os.arch: 'x86_64', os.version: '14.6.1', java.version: '22.0.1'\nDriver info: io.appium.java_client.ios.IOSDriver\nCommand: [f1da006b-3b3b-4f05-954c-88b0d21ad84f, isElementDisplayed {id=26000000-0000-0000-8306-000000000000}]\nCapabilities {appium:autoAcceptAlerts: true, appium:automationName: XCUITest, appium:bundleId: com.customerapp.hero, appium:databaseEnabled: false, appium:javascriptEnabled: true, appium:locationContextEnabled: false, appium:networkConnectionEnabled: false, appium:permissions: {\"com.customerapp.hero\": {\"..., appium:platformVersion: 18.1, appium:showXcodeLog: true, appium:takesScreenshot: true, appium:udid: 00008120-0004798A21F9A01E, appium:webStorageEnabled: false, platformName: IOS}\nElement: [[IOSDriver:  on IOS (f1da006b-3b3b-4f05-954c-88b0d21ad84f)] -> xpath: //XCUIElementTypeButton[@name='sos']]\nSession ID: f1da006b-3b3b-4f05-954c-88b0d21ad84f","trace":"java.lang.AssertionError: Test interrupted: org.openqa.selenium.StaleElementReferenceException: The previously found element \"Button (Element at index 0)\" is not present in the current view anymore. Make sure the application UI has the expected state. Original error: No matches found for Elements matching predicate 'fb_uid IN {\"26000000-0000-0000-8306-000000000000\"}' from input {(\n    Button,\n    Button,\n    Button,\n    Button,\n    Button, Disabled\n)}\nFor documentation on this error, please visit: https://selenium.dev/exceptions/#stale_element_reference\nBuild info: version: '4.8.1', revision: '8ebccac989'\nSystem info: os.name: 'Mac OS X', os.arch: 'x86_64', os.version: '14.6.1', java.version: '22.0.1'\nDriver info: io.appium.java_client.ios.IOSDriver\nCommand: [f1da006b-3b3b-4f05-954c-88b0d21ad84f, isElementDisplayed {id=26000000-0000-0000-8306-000000000000}]\nCapabilities {appium:autoAcceptAlerts: true, appium:automationName: XCUITest, appium:bundleId: com.customerapp.hero, appium:databaseEnabled: false, appium:javascriptEnabled: true, appium:locationContextEnabled: false, appium:networkConnectionEnabled: false, appium:permissions: {\"com.customerapp.hero\": {\"..., appium:platformVersion: 18.1, appium:showXcodeLog: true, appium:takesScreenshot: true, appium:udid: 00008120-0004798A21F9A01E, appium:webStorageEnabled: false, platformName: IOS}\nElement: [[IOSDriver:  on IOS (f1da006b-3b3b-4f05-954c-88b0d21ad84f)] -> xpath: //XCUIElementTypeButton[@name='sos']]\nSession ID: f1da006b-3b3b-4f05-954c-88b0d21ad84f\n\tat org.testng.Assert.fail(Assert.java:110)\n\tat Page_Test.Home_Page_Test.TC020_verify_SOS(Home_Page_Test.java:75)\n\tat java.base/jdk.internal.reflect.DirectMethodHandleAccessor.invoke(DirectMethodHandleAccessor.java:103)\n\tat java.base/java.lang.reflect.Method.invoke(Method.java:580)\n\tat org.testng.internal.invokers.MethodInvocationHelper.invokeMethod(MethodInvocationHelper.java:139)\n\tat org.testng.internal.invokers.TestInvoker.invokeMethod(TestInvoker.java:677)\n\tat org.testng.internal.invokers.TestInvoker.invokeTestMethod(TestInvoker.java:221)\n\tat org.testng.internal.invokers.MethodRunner.runInSequence(MethodRunner.java:50)\n\tat org.testng.internal.invokers.TestInvoker$MethodInvocationAgent.invoke(TestInvoker.java:969)\n\tat org.testng.internal.invokers.TestInvoker.invokeTestMethods(TestInvoker.java:194)\n\tat org.testng.internal.invokers.TestMethodWorker.invokeTestMethods(TestMethodWorker.java:148)\n\tat org.testng.internal.invokers.TestMethodWorker.run(TestMethodWorker.java:128)\n\tat java.base/java.util.ArrayList.forEach(ArrayList.java:1597)\n\tat org.testng.TestRunner.privateRun(TestRunner.java:829)\n\tat org.testng.TestRunner.run(TestRunner.java:602)\n\tat org.testng.SuiteRunner.runTest(SuiteRunner.java:437)\n\tat org.testng.SuiteRunner.runSequentially(SuiteRunner.java:431)\n\tat org.testng.SuiteRunner.privateRun(SuiteRunner.java:391)\n\tat org.testng.SuiteRunner.run(SuiteRunner.java:330)\n\tat org.testng.SuiteRunnerWorker.runSuite(SuiteRunnerWorker.java:52)\n\tat org.testng.SuiteRunnerWorker.run(SuiteRunnerWorker.java:95)\n\tat org.testng.TestNG.runSuitesSequentially(TestNG.java:1256)\n\tat org.testng.TestNG.runSuitesLocally(TestNG.java:1176)\n\tat org.testng.TestNG.runSuites(TestNG.java:1099)\n\tat org.testng.TestNG.run(TestNG.java:1067)\n\tat org.testng.remote.AbstractRemoteTestNG.run(AbstractRemoteTestNG.java:115)\n\tat org.testng.remote.RemoteTestNG.initAndRun(RemoteTestNG.java:293)\n\tat org.testng.remote.RemoteTestNG.main(RemoteTestNG.java:91)\n"},"stage":"finished","steps":[],"attachments":[{"name":"SOS icon","source":"37136fd0-5ce2-4999-b188-8278bf1970eb-attachment"},{"name":"Page Screenshot","source":"fdff46b8-c3b3-4f3e-9045-66b8b77f5394-attachment"},{"name":"Error Log","source":"4bfecc73-a3c4-4106-9b15-8fe1370f10d6-attachment.txt","type":"text/plain"}],"parameters":[],"start":1733404539630,"stop":1733404543874}