{"uuid":"a614ba7f-56b5-43ed-a9f5-b1c828cf1b97","historyId":"5ac5dd18b05d3d510e0370abdb986c62","fullName":"Page_Test.Home_Page_Test.TC042_Accessories_in_PAM","labels":[{"name":"package","value":"Page_Test.Home_Page_Test"},{"name":"testClass","value":"Page_Test.Home_Page_Test"},{"name":"testMethod","value":"TC042_Accessories_in_PAM"},{"name":"parentSuite","value":"Hero_App"},{"name":"suite","value":"Home_Page_Test"},{"name":"subSuite","value":"Page_Test.Home_Page_Test"},{"name":"host","value":"users-MacBook-Pro.local"},{"name":"thread","value":"9887@users-MacBook-Pro.local.main(1)"},{"name":"framework","value":"testng"},{"name":"language","value":"java"}],"links":[],"name":"TC042_Accessories_in_PAM","status":"broken","statusDetails":{"known":false,"muted":false,"flaky":false,"message":"org.openqa.selenium.NoSuchElementException: An element could not be located on the page using the given search parameters.\nFor documentation on this error, please visit: https://selenium.dev/exceptions/#no_such_element\nBuild info: version: '4.8.1', revision: '8ebccac989'\nSystem info: os.name: 'Mac OS X', os.arch: 'x86_64', os.version: '14.6.1', java.version: '22.0.1'\nDriver info: io.appium.java_client.ios.IOSDriver\nCommand: [5a19f465-e78e-44da-be0c-f16ea5fb8217, findElement {using=xpath, value=//XCUIElementTypeButton[@name='Back']}]\nCapabilities {appium:autoAcceptAlerts: true, appium:automationName: XCUITest, appium:bundleId: com.customerapp.hero, appium:databaseEnabled: false, appium:javascriptEnabled: true, appium:locationContextEnabled: false, appium:networkConnectionEnabled: false, appium:permissions: {\"com.customerapp.hero\": {\"..., appium:platformVersion: 18.1, appium:showXcodeLog: true, appium:takesScreenshot: true, appium:udid: 00008120-0004798A21F9A01E, appium:webStorageEnabled: false, platformName: IOS}\nSession ID: 5a19f465-e78e-44da-be0c-f16ea5fb8217","trace":"java.lang.RuntimeException: org.openqa.selenium.NoSuchElementException: An element could not be located on the page using the given search parameters.\nFor documentation on this error, please visit: https://selenium.dev/exceptions/#no_such_element\nBuild info: version: '4.8.1', revision: '8ebccac989'\nSystem info: os.name: 'Mac OS X', os.arch: 'x86_64', os.version: '14.6.1', java.version: '22.0.1'\nDriver info: io.appium.java_client.ios.IOSDriver\nCommand: [5a19f465-e78e-44da-be0c-f16ea5fb8217, findElement {using=xpath, value=//XCUIElementTypeButton[@name='Back']}]\nCapabilities {appium:autoAcceptAlerts: true, appium:automationName: XCUITest, appium:bundleId: com.customerapp.hero, appium:databaseEnabled: false, appium:javascriptEnabled: true, appium:locationContextEnabled: false, appium:networkConnectionEnabled: false, appium:permissions: {\"com.customerapp.hero\": {\"..., appium:platformVersion: 18.1, appium:showXcodeLog: true, appium:takesScreenshot: true, appium:udid: 00008120-0004798A21F9A01E, appium:webStorageEnabled: false, platformName: IOS}\nSession ID: 5a19f465-e78e-44da-be0c-f16ea5fb8217\n\tat com.utility.Base_Utility.Custom_click(Base_Utility.java:279)\n\tat Page_Test.Home_Page_Test.TC042_Accessories_in_PAM(Home_Page_Test.java:615)\n\tat java.base/jdk.internal.reflect.DirectMethodHandleAccessor.invoke(DirectMethodHandleAccessor.java:103)\n\tat java.base/java.lang.reflect.Method.invoke(Method.java:580)\n\tat org.testng.internal.invokers.MethodInvocationHelper.invokeMethod(MethodInvocationHelper.java:139)\n\tat org.testng.internal.invokers.TestInvoker.invokeMethod(TestInvoker.java:677)\n\tat org.testng.internal.invokers.TestInvoker.invokeTestMethod(TestInvoker.java:221)\n\tat org.testng.internal.invokers.MethodRunner.runInSequence(MethodRunner.java:50)\n\tat org.testng.internal.invokers.TestInvoker$MethodInvocationAgent.invoke(TestInvoker.java:969)\n\tat org.testng.internal.invokers.TestInvoker.invokeTestMethods(TestInvoker.java:194)\n\tat org.testng.internal.invokers.TestMethodWorker.invokeTestMethods(TestMethodWorker.java:148)\n\tat org.testng.internal.invokers.TestMethodWorker.run(TestMethodWorker.java:128)\n\tat java.base/java.util.ArrayList.forEach(ArrayList.java:1597)\n\tat org.testng.TestRunner.privateRun(TestRunner.java:829)\n\tat org.testng.TestRunner.run(TestRunner.java:602)\n\tat org.testng.SuiteRunner.runTest(SuiteRunner.java:437)\n\tat org.testng.SuiteRunner.runSequentially(SuiteRunner.java:431)\n\tat org.testng.SuiteRunner.privateRun(SuiteRunner.java:391)\n\tat org.testng.SuiteRunner.run(SuiteRunner.java:330)\n\tat org.testng.SuiteRunnerWorker.runSuite(SuiteRunnerWorker.java:52)\n\tat org.testng.SuiteRunnerWorker.run(SuiteRunnerWorker.java:95)\n\tat org.testng.TestNG.runSuitesSequentially(TestNG.java:1256)\n\tat org.testng.TestNG.runSuitesLocally(TestNG.java:1176)\n\tat org.testng.TestNG.runSuites(TestNG.java:1099)\n\tat org.testng.TestNG.run(TestNG.java:1067)\n\tat org.testng.remote.AbstractRemoteTestNG.run(AbstractRemoteTestNG.java:115)\n\tat org.testng.remote.RemoteTestNG.initAndRun(RemoteTestNG.java:293)\n\tat org.testng.remote.RemoteTestNG.main(RemoteTestNG.java:91)\nCaused by: org.openqa.selenium.NoSuchElementException: An element could not be located on the page using the given search parameters.\nFor documentation on this error, please visit: https://selenium.dev/exceptions/#no_such_element\nBuild info: version: '4.8.1', revision: '8ebccac989'\nSystem info: os.name: 'Mac OS X', os.arch: 'x86_64', os.version: '14.6.1', java.version: '22.0.1'\nDriver info: io.appium.java_client.ios.IOSDriver\nCommand: [5a19f465-e78e-44da-be0c-f16ea5fb8217, findElement {using=xpath, value=//XCUIElementTypeButton[@name='Back']}]\nCapabilities {appium:autoAcceptAlerts: true, appium:automationName: XCUITest, appium:bundleId: com.customerapp.hero, appium:databaseEnabled: false, appium:javascriptEnabled: true, appium:locationContextEnabled: false, appium:networkConnectionEnabled: false, appium:permissions: {\"com.customerapp.hero\": {\"..., appium:platformVersion: 18.1, appium:showXcodeLog: true, appium:takesScreenshot: true, appium:udid: 00008120-0004798A21F9A01E, appium:webStorageEnabled: false, platformName: IOS}\nSession ID: 5a19f465-e78e-44da-be0c-f16ea5fb8217\n\tat java.base/jdk.internal.reflect.DirectConstructorHandleAccessor.newInstance(DirectConstructorHandleAccessor.java:62)\n\tat java.base/java.lang.reflect.Constructor.newInstanceWithCaller(Constructor.java:502)\n\tat java.base/java.lang.reflect.Constructor.newInstance(Constructor.java:486)\n\tat org.openqa.selenium.remote.codec.w3c.W3CHttpResponseCodec.createException(W3CHttpResponseCodec.java:200)\n\tat org.openqa.selenium.remote.codec.w3c.W3CHttpResponseCodec.decode(W3CHttpResponseCodec.java:133)\n\tat org.openqa.selenium.remote.codec.w3c.W3CHttpResponseCodec.decode(W3CHttpResponseCodec.java:53)\n\tat org.openqa.selenium.remote.HttpCommandExecutor.execute(HttpCommandExecutor.java:184)\n\tat io.appium.java_client.remote.AppiumCommandExecutor.execute(AppiumCommandExecutor.java:262)\n\tat org.openqa.selenium.remote.RemoteWebDriver.execute(RemoteWebDriver.java:543)\n\tat org.openqa.selenium.remote.ElementLocation$ElementFinder$2.findElement(ElementLocation.java:162)\n\tat org.openqa.selenium.remote.ElementLocation.findElement(ElementLocation.java:60)\n\tat org.openqa.selenium.remote.RemoteWebDriver.findElement(RemoteWebDriver.java:352)\n\tat org.openqa.selenium.remote.RemoteWebDriver.findElement(RemoteWebDriver.java:344)\n\tat org.openqa.selenium.support.pagefactory.DefaultElementLocator.findElement(DefaultElementLocator.java:70)\n\tat org.openqa.selenium.support.pagefactory.internal.LocatingElementHandler.invoke(LocatingElementHandler.java:39)\n\tat jdk.proxy2/jdk.proxy2.$Proxy34.isDisplayed(Unknown Source)\n\tat com.utility.Base_Utility.Custom_click(Base_Utility.java:261)\n\t... 27 more\n"},"stage":"finished","steps":[],"attachments":[{"name":" Accessories name ","source":"9473d8e2-4720-49f2-9c5c-77dbecb58ee0-attachment"},{"name":"Page Screenshot","source":"842daa81-72d0-48c0-91ee-61a7eaa3f90c-attachment"},{"name":"Error Log","source":"a6ce87ea-ba99-475f-9469-9e9302b211e8-attachment.txt","type":"text/plain"},{"name":"back from Accessories","source":"25bf89d8-f5fb-4b47-9160-d5ecb54666a9-attachment"},{"name":"Page Screenshot","source":"28c7903a-93f0-440e-bd6b-070451acf5cd-attachment"},{"name":"Error Log","source":"fe232eb8-af38-4f0d-b510-69ba720c4308-attachment.txt","type":"text/plain"}],"parameters":[],"start":1733489291463,"stop":1733489381929}