{"uuid":"e2883f7b-c6ee-42de-96f8-88bb78f6add0","historyId":"2511f3ab1ef0852e9d24ebe2c44ad63","fullName":"Page_Test.Home_Page_Test.TC038_verify_Service_at_home_page","labels":[{"name":"package","value":"Page_Test.Home_Page_Test"},{"name":"testClass","value":"Page_Test.Home_Page_Test"},{"name":"testMethod","value":"TC038_verify_Service_at_home_page"},{"name":"parentSuite","value":"Hero_App"},{"name":"suite","value":"Home_Page_Test"},{"name":"subSuite","value":"Page_Test.Home_Page_Test"},{"name":"host","value":"users-MacBook-Pro.local"},{"name":"thread","value":"8734@users-MacBook-Pro.local.main(1)"},{"name":"framework","value":"testng"},{"name":"language","value":"java"}],"links":[],"name":"TC038_verify_Service_at_home_page","status":"broken","statusDetails":{"known":false,"muted":false,"flaky":false,"message":"org.openqa.selenium.TimeoutException: Expected condition failed: waiting for element to be clickable: [[IOSDriver:  on IOS (c5d0988e-2e75-4434-a059-eb662f227005)] -> xpath: //XCUIElementTypeStaticText[@value='View Schedule ']] (tried for 20 second(s) with 500 milliseconds interval)\nBuild info: version: '4.8.1', revision: '8ebccac989'\nSystem info: os.name: 'Mac OS X', os.arch: 'x86_64', os.version: '14.6.1', java.version: '22.0.1'\nDriver info: io.appium.java_client.ios.IOSDriver\nCapabilities {appium:autoAcceptAlerts: true, appium:automationName: XCUITest, appium:bundleId: com.customerapp.hero, appium:databaseEnabled: false, appium:javascriptEnabled: true, appium:locationContextEnabled: false, appium:networkConnectionEnabled: false, appium:permissions: {\"com.customerapp.hero\": {\"..., appium:platformVersion: 18.1, appium:showXcodeLog: true, appium:takesScreenshot: true, appium:udid: 00008120-0004798A21F9A01E, appium:webStorageEnabled: false, platformName: IOS}\nSession ID: c5d0988e-2e75-4434-a059-eb662f227005","trace":"java.lang.RuntimeException: org.openqa.selenium.TimeoutException: Expected condition failed: waiting for element to be clickable: [[IOSDriver:  on IOS (c5d0988e-2e75-4434-a059-eb662f227005)] -> xpath: //XCUIElementTypeStaticText[@value='View Schedule ']] (tried for 20 second(s) with 500 milliseconds interval)\nBuild info: version: '4.8.1', revision: '8ebccac989'\nSystem info: os.name: 'Mac OS X', os.arch: 'x86_64', os.version: '14.6.1', java.version: '22.0.1'\nDriver info: io.appium.java_client.ios.IOSDriver\nCapabilities {appium:autoAcceptAlerts: true, appium:automationName: XCUITest, appium:bundleId: com.customerapp.hero, appium:databaseEnabled: false, appium:javascriptEnabled: true, appium:locationContextEnabled: false, appium:networkConnectionEnabled: false, appium:permissions: {\"com.customerapp.hero\": {\"..., appium:platformVersion: 18.1, appium:showXcodeLog: true, appium:takesScreenshot: true, appium:udid: 00008120-0004798A21F9A01E, appium:webStorageEnabled: false, platformName: IOS}\nSession ID: c5d0988e-2e75-4434-a059-eb662f227005\n\tat com.utility.Base_Utility.Custom_click(Base_Utility.java:279)\n\tat Page_Test.Home_Page_Test.TC038_verify_Service_at_home_page(Home_Page_Test.java:453)\n\tat java.base/jdk.internal.reflect.DirectMethodHandleAccessor.invoke(DirectMethodHandleAccessor.java:103)\n\tat java.base/java.lang.reflect.Method.invoke(Method.java:580)\n\tat org.testng.internal.invokers.MethodInvocationHelper.invokeMethod(MethodInvocationHelper.java:139)\n\tat org.testng.internal.invokers.TestInvoker.invokeMethod(TestInvoker.java:677)\n\tat org.testng.internal.invokers.TestInvoker.invokeTestMethod(TestInvoker.java:221)\n\tat org.testng.internal.invokers.MethodRunner.runInSequence(MethodRunner.java:50)\n\tat org.testng.internal.invokers.TestInvoker$MethodInvocationAgent.invoke(TestInvoker.java:969)\n\tat org.testng.internal.invokers.TestInvoker.invokeTestMethods(TestInvoker.java:194)\n\tat org.testng.internal.invokers.TestMethodWorker.invokeTestMethods(TestMethodWorker.java:148)\n\tat org.testng.internal.invokers.TestMethodWorker.run(TestMethodWorker.java:128)\n\tat java.base/java.util.ArrayList.forEach(ArrayList.java:1597)\n\tat org.testng.TestRunner.privateRun(TestRunner.java:829)\n\tat org.testng.TestRunner.run(TestRunner.java:602)\n\tat org.testng.SuiteRunner.runTest(SuiteRunner.java:437)\n\tat org.testng.SuiteRunner.runSequentially(SuiteRunner.java:431)\n\tat org.testng.SuiteRunner.privateRun(SuiteRunner.java:391)\n\tat org.testng.SuiteRunner.run(SuiteRunner.java:330)\n\tat org.testng.SuiteRunnerWorker.runSuite(SuiteRunnerWorker.java:52)\n\tat org.testng.SuiteRunnerWorker.run(SuiteRunnerWorker.java:95)\n\tat org.testng.TestNG.runSuitesSequentially(TestNG.java:1256)\n\tat org.testng.TestNG.runSuitesLocally(TestNG.java:1176)\n\tat org.testng.TestNG.runSuites(TestNG.java:1099)\n\tat org.testng.TestNG.run(TestNG.java:1067)\n\tat org.testng.remote.AbstractRemoteTestNG.run(AbstractRemoteTestNG.java:115)\n\tat org.testng.remote.RemoteTestNG.initAndRun(RemoteTestNG.java:293)\n\tat org.testng.remote.RemoteTestNG.main(RemoteTestNG.java:91)\nCaused by: org.openqa.selenium.TimeoutException: Expected condition failed: waiting for element to be clickable: [[IOSDriver:  on IOS (c5d0988e-2e75-4434-a059-eb662f227005)] -> xpath: //XCUIElementTypeStaticText[@value='View Schedule ']] (tried for 20 second(s) with 500 milliseconds interval)\nBuild info: version: '4.8.1', revision: '8ebccac989'\nSystem info: os.name: 'Mac OS X', os.arch: 'x86_64', os.version: '14.6.1', java.version: '22.0.1'\nDriver info: io.appium.java_client.ios.IOSDriver\nCapabilities {appium:autoAcceptAlerts: true, appium:automationName: XCUITest, appium:bundleId: com.customerapp.hero, appium:databaseEnabled: false, appium:javascriptEnabled: true, appium:locationContextEnabled: false, appium:networkConnectionEnabled: false, appium:permissions: {\"com.customerapp.hero\": {\"..., appium:platformVersion: 18.1, appium:showXcodeLog: true, appium:takesScreenshot: true, appium:udid: 00008120-0004798A21F9A01E, appium:webStorageEnabled: false, platformName: IOS}\nSession ID: c5d0988e-2e75-4434-a059-eb662f227005\n\tat org.openqa.selenium.support.ui.WebDriverWait.timeoutException(WebDriverWait.java:87)\n\tat org.openqa.selenium.support.ui.FluentWait.until(FluentWait.java:231)\n\tat com.utility.Base_Utility.Custom_click(Base_Utility.java:263)\n\t... 27 more\n"},"stage":"finished","steps":[],"attachments":[{"name":"Log","source":"14cd3a8f-ee35-4607-ba02-bd68d2e25913-attachment.txt","type":"text/plain"},{"name":"Service Schedule view arrow ","source":"255d6ec4-60bb-47ad-808b-cd4cce1d991a-attachment"},{"name":"Page Screenshot","source":"b0c85d7b-8a1b-41af-9c21-aec290294c86-attachment"},{"name":"Error Log","source":"283ce70a-e7d5-4283-a34f-c78b74853cd8-attachment.txt","type":"text/plain"}],"parameters":[],"start":1733483938080,"stop":1733483993404}