{"uuid":"efaace4f-d9b2-4204-a85f-fbcb38b21730","historyId":"5ac5dd18b05d3d510e0370abdb986c62","fullName":"Page_Test.Home_Page_Test.TC042_Accessories_in_PAM","labels":[{"name":"package","value":"Page_Test.Home_Page_Test"},{"name":"testClass","value":"Page_Test.Home_Page_Test"},{"name":"testMethod","value":"TC042_Accessories_in_PAM"},{"name":"parentSuite","value":"Hero_App"},{"name":"suite","value":"Home_Page_Test"},{"name":"subSuite","value":"Page_Test.Home_Page_Test"},{"name":"host","value":"users-MacBook-Pro.local"},{"name":"thread","value":"4376@users-MacBook-Pro.local.main(1)"},{"name":"framework","value":"testng"},{"name":"language","value":"java"}],"links":[],"name":"TC042_Accessories_in_PAM","status":"failed","statusDetails":{"known":false,"muted":false,"flaky":false,"message":"Test interrupted: org.openqa.selenium.NoSuchElementException: An element could not be located on the page using the given search parameters.\nFor documentation on this error, please visit: https://selenium.dev/exceptions/#no_such_element\nBuild info: version: '4.8.1', revision: '8ebccac989'\nSystem info: os.name: 'Mac OS X', os.arch: 'x86_64', os.version: '14.6.1', java.version: '22.0.1'\nDriver info: io.appium.java_client.ios.IOSDriver\nCommand: [75430bf6-5617-4f0b-92bc-e05628b3236d, findElement {using=xpath, value=(//XCUIElementTypeStaticText[contains(@name,'HERO GENUINE')])[2]}]\nCapabilities {appium:autoAcceptAlerts: true, appium:automationName: XCUITest, appium:bundleId: com.customerapp.hero, appium:databaseEnabled: false, appium:javascriptEnabled: true, appium:locationContextEnabled: false, appium:networkConnectionEnabled: false, appium:permissions: {\"com.customerapp.hero\": {\"..., appium:platformVersion: 18.1, appium:showXcodeLog: true, appium:takesScreenshot: true, appium:udid: 00008120-0004798A21F9A01E, appium:webStorageEnabled: false, platformName: IOS}\nSession ID: 75430bf6-5617-4f0b-92bc-e05628b3236d","trace":"java.lang.AssertionError: Test interrupted: org.openqa.selenium.NoSuchElementException: An element could not be located on the page using the given search parameters.\nFor documentation on this error, please visit: https://selenium.dev/exceptions/#no_such_element\nBuild info: version: '4.8.1', revision: '8ebccac989'\nSystem info: os.name: 'Mac OS X', os.arch: 'x86_64', os.version: '14.6.1', java.version: '22.0.1'\nDriver info: io.appium.java_client.ios.IOSDriver\nCommand: [75430bf6-5617-4f0b-92bc-e05628b3236d, findElement {using=xpath, value=(//XCUIElementTypeStaticText[contains(@name,'HERO GENUINE')])[2]}]\nCapabilities {appium:autoAcceptAlerts: true, appium:automationName: XCUITest, appium:bundleId: com.customerapp.hero, appium:databaseEnabled: false, appium:javascriptEnabled: true, appium:locationContextEnabled: false, appium:networkConnectionEnabled: false, appium:permissions: {\"com.customerapp.hero\": {\"..., appium:platformVersion: 18.1, appium:showXcodeLog: true, appium:takesScreenshot: true, appium:udid: 00008120-0004798A21F9A01E, appium:webStorageEnabled: false, platformName: IOS}\nSession ID: 75430bf6-5617-4f0b-92bc-e05628b3236d\n\tat org.testng.Assert.fail(Assert.java:110)\n\tat Page_Test.Home_Page_Test.TC042_Accessories_in_PAM(Home_Page_Test.java:607)\n\tat java.base/jdk.internal.reflect.DirectMethodHandleAccessor.invoke(DirectMethodHandleAccessor.java:103)\n\tat java.base/java.lang.reflect.Method.invoke(Method.java:580)\n\tat org.testng.internal.invokers.MethodInvocationHelper.invokeMethod(MethodInvocationHelper.java:139)\n\tat org.testng.internal.invokers.TestInvoker.invokeMethod(TestInvoker.java:677)\n\tat org.testng.internal.invokers.TestInvoker.invokeTestMethod(TestInvoker.java:221)\n\tat org.testng.internal.invokers.MethodRunner.runInSequence(MethodRunner.java:50)\n\tat org.testng.internal.invokers.TestInvoker$MethodInvocationAgent.invoke(TestInvoker.java:969)\n\tat org.testng.internal.invokers.TestInvoker.invokeTestMethods(TestInvoker.java:194)\n\tat org.testng.internal.invokers.TestMethodWorker.invokeTestMethods(TestMethodWorker.java:148)\n\tat org.testng.internal.invokers.TestMethodWorker.run(TestMethodWorker.java:128)\n\tat java.base/java.util.ArrayList.forEach(ArrayList.java:1597)\n\tat org.testng.TestRunner.privateRun(TestRunner.java:829)\n\tat org.testng.TestRunner.run(TestRunner.java:602)\n\tat org.testng.SuiteRunner.runTest(SuiteRunner.java:437)\n\tat org.testng.SuiteRunner.runSequentially(SuiteRunner.java:431)\n\tat org.testng.SuiteRunner.privateRun(SuiteRunner.java:391)\n\tat org.testng.SuiteRunner.run(SuiteRunner.java:330)\n\tat org.testng.SuiteRunnerWorker.runSuite(SuiteRunnerWorker.java:52)\n\tat org.testng.SuiteRunnerWorker.run(SuiteRunnerWorker.java:95)\n\tat org.testng.TestNG.runSuitesSequentially(TestNG.java:1256)\n\tat org.testng.TestNG.runSuitesLocally(TestNG.java:1176)\n\tat org.testng.TestNG.runSuites(TestNG.java:1099)\n\tat org.testng.TestNG.run(TestNG.java:1067)\n\tat org.testng.remote.AbstractRemoteTestNG.run(AbstractRemoteTestNG.java:115)\n\tat org.testng.remote.RemoteTestNG.initAndRun(RemoteTestNG.java:293)\n\tat org.testng.remote.RemoteTestNG.main(RemoteTestNG.java:91)\n"},"stage":"finished","steps":[],"attachments":[{"name":" Accessories name ","source":"ab19474e-d3a4-426b-9267-306af7318b65-attachment"},{"name":"Page Screenshot","source":"61b3df8f-cfa0-4821-9ac1-c870a31632f2-attachment"},{"name":"Error Log","source":"b19cc431-b765-443b-8661-fe23f9322fca-attachment.txt","type":"text/plain"}],"parameters":[],"start":1733390151730,"stop":1733390215837}